<?xml version="1.0" encoding="UTF-8"?>
<robot generator="Robot 7.0 (Python 3.8.2 on win32)" generated="2024-05-10T09:26:00.428216" rpa="false" schemaversion="5">
<suite id="s1" name="testDemo1" source="C:\Users\Abhilasha\Documents\DOCUMENT\StudyDocumentFolder\IDE\PyCharm\PyCharmProjects\RobotFramework\test\testDemo1.robot">
<test id="s1-t1" name=" Validate UnSuccessful Login" line="6">
<kw name=" open the browser with url">
<msg time="2024-05-10T09:26:00.722887" level="FAIL">User keyword cannot be empty.</msg>
<status status="FAIL" start="2024-05-10T09:26:00.722887" elapsed="0.000000">User keyword cannot be empty.</status>
</kw>
<status status="FAIL" start="2024-05-10T09:26:00.721223" elapsed="0.001664">User keyword cannot be empty.</status>
</test>
<doc>To validate the Login form</doc>
<status status="FAIL" start="2024-05-10T09:26:00.441602" elapsed="0.284526"/>
</suite>
<statistics>
<total>
<stat pass="0" fail="1" skip="0">All Tests</stat>
</total>
<tag>
</tag>
<suite>
<stat pass="0" fail="1" skip="0" id="s1" name="testDemo1">testDemo1</stat>
</suite>
</statistics>
<errors>
</errors>
</robot>
